2022-05-13 00:21:03 info: [Server is runnning on 3030]
2022-05-13 00:32:28 info: [Room created]
2022-05-13 00:32:28 info: [New Client added]
2022-05-13 00:32:47 info: [New Player added]
2022-05-13 00:32:47 info: [Client requires digit length]
2022-05-13 00:32:47 info: [Digit length sent to client]
2022-05-13 00:33:06 info: [Client's guess sent to opponent to get number of matchings]
2022-05-13 00:33:06 info: [Number pf vulls and cows on Client's guess is sent to client]
2022-05-13 00:33:17 info: [Client's guess sent to opponent to get number of matchings]
2022-05-13 00:33:17 info: [Number pf vulls and cows on Client's guess is sent to client]
2022-05-13 00:33:51 info: [Client's guess sent to opponent to get number of matchings]
2022-05-13 00:33:51 info: [Number pf vulls and cows on Client's guess is sent to client]
2022-05-13 00:33:51 info: [Status of Game is shared with client]
2022-05-13 00:34:21 info: [Client is dosconnected from the room]
2022-05-13 00:34:21 info: [Client's info stored in arrray is removed]
2022-05-13 00:34:27 info: [Client is dosconnected from the room]
2022-05-13 00:34:27 info: [Client's info stored in arrray is removed]
2022-05-14 17:18:37 info: [Server is runnning on 3030]
2022-05-14 17:25:14 info: [Room created]
2022-05-14 17:25:14 info: [New Client added]
2022-05-14 17:25:37 info: [New Player added]
2022-05-14 17:25:37 info: [Client requires digit length]
2022-05-14 17:25:37 info: [Digit length sent to client]
2022-05-14 17:25:43 info: [Client's guess sent to opponent to get number of matchings]
2022-05-14 17:25:43 info: [Number pf vulls and cows on Client's guess is sent to client]
2022-05-14 17:25:46 info: [Client's guess sent to opponent to get number of matchings]
2022-05-14 17:25:46 info: [Number pf vulls and cows on Client's guess is sent to client]
2022-05-14 17:26:02 info: [Client's guess sent to opponent to get number of matchings]
2022-05-14 17:26:02 info: [Number pf vulls and cows on Client's guess is sent to client]
2022-05-14 17:26:04 info: [Client's guess sent to opponent to get number of matchings]
2022-05-14 17:26:04 info: [Number pf vulls and cows on Client's guess is sent to client]
2022-05-14 17:26:16 info: [Client's guess sent to opponent to get number of matchings]
2022-05-14 17:26:16 info: [Number pf vulls and cows on Client's guess is sent to client]
2022-05-14 17:26:16 info: [Status of Game is shared with client]
2022-05-14 17:26:24 info: [Client is dosconnected from the room]
2022-05-14 17:26:24 info: [Client's info stored in arrray is removed]
2022-05-14 17:26:27 info: [Client is dosconnected from the room]
2022-05-14 17:26:27 info: [Client's info stored in arrray is removed]
2022-05-14 17:29:59 info: [Server is runnning on 3030]
2022-05-14 17:30:38 info: [Room created]
2022-05-14 17:30:38 info: [New Client added]
2022-05-14 17:31:07 info: [New Player added]
2022-05-14 17:31:29 info: [Room created]
2022-05-14 17:31:29 info: [New Client added]
2022-05-14 17:31:42 info: [New Player added]
2022-05-14 17:31:42 info: [Client requires digit length]
2022-05-14 17:31:42 info: [Digit length sent to client]
2022-05-14 17:34:58 info: [Room created]
2022-05-14 17:34:58 info: [New Client added]
2022-05-14 17:35:16 info: [New Player added]
2022-05-14 17:35:16 info: [Client requires digit length]
2022-05-14 17:35:16 info: [Digit length sent to client]
2022-05-14 17:37:10 info: [Client is dosconnected from the room]
2022-05-14 17:37:10 info: [Client's info stored in arrray is removed]
2022-05-14 17:37:13 info: [Client is dosconnected from the room]
2022-05-14 17:37:13 info: [Client's info stored in arrray is removed]
